<?xml version="1.0" encoding="UTF-8"?>
<trace:TraceModel xmi:version="2.0" xmlns:xmi="http://www.omg.org/XMI" xmlns:trace="http://www.eclipse.org/gmf/2006/Trace">
  <nodeTraces visualID="2001" queryText="(let _eClass_:ecore::EClass = modelFacet.metaClass.ecoreClass in _eClass_.ePackage.nsURI = 'http://statechart/1.0' and _eClass_.name = 'Node') and (let _containmentMF_:ecore::EStructuralFeature = modelFacet.containmentMetaFeature.ecoreFeature in (let _eClass_:ecore::EClass = _containmentMF_.eContainingClass in _eClass_.ePackage.nsURI = 'http://statechart/1.0' and _eClass_.name = 'Model') and _containmentMF_.name = 'nodes')">
    <nodeLabelTraces visualID="5005" queryText="true"/>
    <compartmentTraces visualID="7001" queryText="true"/>
  </nodeTraces>
  <nodeTraces visualID="2002" queryText="(let _eClass_:ecore::EClass = modelFacet.metaClass.ecoreClass in _eClass_.ePackage.nsURI = 'http://statechart/1.0' and _eClass_.name = 'Node') and (let _containmentMF_:ecore::EStructuralFeature = modelFacet.containmentMetaFeature.ecoreFeature in (let _eClass_:ecore::EClass = _containmentMF_.eContainingClass in _eClass_.ePackage.nsURI = 'http://statechart/1.0' and _eClass_.name = 'Model') and _containmentMF_.name = 'nodes')">
    <nodeLabelTraces visualID="5006" queryText="true"/>
    <compartmentTraces visualID="7004" queryText="true"/>
  </nodeTraces>
  <nodeTraces visualID="2003" queryText="(let _eClass_:ecore::EClass = modelFacet.metaClass.ecoreClass in _eClass_.ePackage.nsURI = 'http://statechart/1.0' and _eClass_.name = 'Variable') and (let _containmentMF_:ecore::EStructuralFeature = modelFacet.containmentMetaFeature.ecoreFeature in (let _eClass_:ecore::EClass = _containmentMF_.eContainingClass in _eClass_.ePackage.nsURI = 'http://statechart/1.0' and _eClass_.name = 'Model') and _containmentMF_.name = 'variables')">
    <nodeLabelTraces visualID="5007" queryText="true"/>
    <nodeLabelTraces visualID="5008" queryText="true"/>
  </nodeTraces>
  <nodeTraces visualID="2004" queryText="(let _eClass_:ecore::EClass = modelFacet.metaClass.ecoreClass in _eClass_.ePackage.nsURI = 'http://statechart/1.0' and _eClass_.name = 'Node') and (let _containmentMF_:ecore::EStructuralFeature = modelFacet.containmentMetaFeature.ecoreFeature in (let _eClass_:ecore::EClass = _containmentMF_.eContainingClass in _eClass_.ePackage.nsURI = 'http://statechart/1.0' and _eClass_.name = 'Model') and _containmentMF_.name = 'nodes')"/>
  <nodeTraces visualID="2005" queryText="(let _eClass_:ecore::EClass = modelFacet.metaClass.ecoreClass in _eClass_.ePackage.nsURI = 'http://statechart/1.0' and _eClass_.name = 'Node') and (let _containmentMF_:ecore::EStructuralFeature = modelFacet.containmentMetaFeature.ecoreFeature in (let _eClass_:ecore::EClass = _containmentMF_.eContainingClass in _eClass_.ePackage.nsURI = 'http://statechart/1.0' and _eClass_.name = 'Model') and _containmentMF_.name = 'nodes')"/>
  <nodeTraces visualID="2006" queryText="(let _eClass_:ecore::EClass = modelFacet.metaClass.ecoreClass in _eClass_.ePackage.nsURI = 'http://statechart/1.0' and _eClass_.name = 'Node') and (let _containmentMF_:ecore::EStructuralFeature = modelFacet.containmentMetaFeature.ecoreFeature in (let _eClass_:ecore::EClass = _containmentMF_.eContainingClass in _eClass_.ePackage.nsURI = 'http://statechart/1.0' and _eClass_.name = 'Model') and _containmentMF_.name = 'nodes')">
    <nodeLabelTraces visualID="5009" queryText="true"/>
  </nodeTraces>
  <nodeTraces visualID="2007" queryText="(let _eClass_:ecore::EClass = modelFacet.metaClass.ecoreClass in _eClass_.ePackage.nsURI = 'http://statechart/1.0' and _eClass_.name = 'Node') and (let _containmentMF_:ecore::EStructuralFeature = modelFacet.containmentMetaFeature.ecoreFeature in (let _eClass_:ecore::EClass = _containmentMF_.eContainingClass in _eClass_.ePackage.nsURI = 'http://statechart/1.0' and _eClass_.name = 'Model') and _containmentMF_.name = 'nodes')">
    <nodeLabelTraces visualID="5010" queryText="true"/>
  </nodeTraces>
  <childNodeTraces visualID="3001" queryText="(let _eClass_:ecore::EClass = modelFacet.metaClass.ecoreClass in _eClass_.ePackage.nsURI = 'http://statechart/1.0' and _eClass_.name = 'Node') and (let _containmentMF_:ecore::EStructuralFeature = modelFacet.containmentMetaFeature.ecoreFeature in (let _eClass_:ecore::EClass = _containmentMF_.eContainingClass in _eClass_.ePackage.nsURI = 'http://statechart/1.0' and _eClass_.name = 'Node') and _containmentMF_.name = 'Children')">
    <nodeLabelTraces visualID="5001" queryText="true"/>
  </childNodeTraces>
  <childNodeTraces visualID="3002" queryText="(let _eClass_:ecore::EClass = modelFacet.metaClass.ecoreClass in _eClass_.ePackage.nsURI = 'http://statechart/1.0' and _eClass_.name = 'Node') and (let _containmentMF_:ecore::EStructuralFeature = modelFacet.containmentMetaFeature.ecoreFeature in (let _eClass_:ecore::EClass = _containmentMF_.eContainingClass in _eClass_.ePackage.nsURI = 'http://statechart/1.0' and _eClass_.name = 'Node') and _containmentMF_.name = 'Children')">
    <nodeLabelTraces visualID="5002" queryText="true"/>
  </childNodeTraces>
  <childNodeTraces visualID="3003" queryText="(let _eClass_:ecore::EClass = modelFacet.metaClass.ecoreClass in _eClass_.ePackage.nsURI = 'http://statechart/1.0' and _eClass_.name = 'Node') and (let _containmentMF_:ecore::EStructuralFeature = modelFacet.containmentMetaFeature.ecoreFeature in (let _eClass_:ecore::EClass = _containmentMF_.eContainingClass in _eClass_.ePackage.nsURI = 'http://statechart/1.0' and _eClass_.name = 'Node') and _containmentMF_.name = 'Children')">
    <nodeLabelTraces visualID="5004" queryText="true"/>
    <compartmentTraces visualID="7002" queryText="true"/>
  </childNodeTraces>
  <childNodeTraces visualID="3004" queryText="(let _eClass_:ecore::EClass = modelFacet.metaClass.ecoreClass in _eClass_.ePackage.nsURI = 'http://statechart/1.0' and _eClass_.name = 'Node') and (let _containmentMF_:ecore::EStructuralFeature = modelFacet.containmentMetaFeature.ecoreFeature in (let _eClass_:ecore::EClass = _containmentMF_.eContainingClass in _eClass_.ePackage.nsURI = 'http://statechart/1.0' and _eClass_.name = 'Node') and _containmentMF_.name = 'Children')"/>
  <childNodeTraces visualID="3005" queryText="(let _eClass_:ecore::EClass = modelFacet.metaClass.ecoreClass in _eClass_.ePackage.nsURI = 'http://statechart/1.0' and _eClass_.name = 'Node') and (let _containmentMF_:ecore::EStructuralFeature = modelFacet.containmentMetaFeature.ecoreFeature in (let _eClass_:ecore::EClass = _containmentMF_.eContainingClass in _eClass_.ePackage.nsURI = 'http://statechart/1.0' and _eClass_.name = 'Node') and _containmentMF_.name = 'Children')">
    <nodeLabelTraces visualID="5003" queryText="true"/>
    <compartmentTraces visualID="7003" queryText="true"/>
  </childNodeTraces>
  <childNodeTraces visualID="3006" queryText="(let _eClass_:ecore::EClass = modelFacet.metaClass.ecoreClass in _eClass_.ePackage.nsURI = 'http://statechart/1.0' and _eClass_.name = 'Node') and (let _containmentMF_:ecore::EStructuralFeature = modelFacet.containmentMetaFeature.ecoreFeature in (let _eClass_:ecore::EClass = _containmentMF_.eContainingClass in _eClass_.ePackage.nsURI = 'http://statechart/1.0' and _eClass_.name = 'Node') and _containmentMF_.name = 'Children')"/>
  <linkTraces visualID="4001" queryText="modelFacet.oclIsKindOf(gmfgen::TypeLinkModelFacet) and (let _eClass_:ecore::EClass = modelFacet.oclAsType(gmfgen::TypeLinkModelFacet).metaClass.ecoreClass in _eClass_.ePackage.nsURI = 'http://statechart/1.0' and _eClass_.name = 'Transition')">
    <linkLabelTraces visualID="6001" queryText="true"/>
  </linkTraces>
</trace:TraceModel>
